2020.07.27 10:50:25 INFO  started: Metals version 0.9.2 in workspace '/home/mateusz/Projekty/exercism/scala/nucleotide-count' for client vscode.
2020.07.27 10:50:27 INFO  time: initialize in 1.94s
2020.07.27 10:50:28 INFO  no build target: using presentation compiler with only scala-library
2020.07.27 10:50:31 WARN  no build target for: /home/mateusz/Projekty/exercism/scala/nucleotide-count/src/test/scala/NucleotideCountTest.scala
2020.07.27 10:50:38 INFO  running '/usr/lib/jvm/java-11-openjdk-amd64/bin/java -Djline.terminal=jline.UnsupportedTerminal -Dsbt.log.noformat=true -Dfile.encoding=UTF-8 -Dsbt.version=1.3.13 -jar /tmp/metals3615256565366253414/sbt-launch.jar -Dbloop.export-jar-classifiers=sources bloopInstall'
2020.07.27 10:50:39 INFO  skipping build import with status 'Started'
2020.07.27 10:50:43 INFO  [info] Updated file /home/mateusz/Projekty/exercism/scala/nucleotide-count/project/build.properties: set sbt.version to 1.3.13
2020.07.27 10:50:43 INFO  [info] welcome to sbt 1.3.13 (Ubuntu Java 11.0.8)
2020.07.27 10:50:45 INFO  [info] loading global plugins from /home/mateusz/.sbt/1.0/plugins
2020.07.27 10:50:50 INFO  [info] loading settings for project nucleotide-count-build from metals.sbt ...
2020.07.27 10:50:50 INFO  [info] loading project definition from /home/mateusz/Projekty/exercism/scala/nucleotide-count/project
2020.07.27 10:50:53 INFO  [warn] There may be incompatibilities among your library dependencies; run 'evicted' to see detailed eviction warnings.
2020.07.27 10:50:54 INFO  [info] loading settings for project nucleotide-count from build.sbt ...
2020.07.27 10:50:54 INFO  [info] set current project to nucleotide-count (in build file:/home/mateusz/Projekty/exercism/scala/nucleotide-count/)
2020.07.27 10:50:56 INFO  [success] Generated .bloop/nucleotide-count-test.json
2020.07.27 10:50:56 INFO  [success] Generated .bloop/nucleotide-count.json
2020.07.27 10:50:56 INFO  [success] Total time: 1 s, completed Jul 27, 2020, 10:50:56 AM
2020.07.27 10:50:56 INFO  build tool exit: 0
2020.07.27 10:50:56 INFO  time: ran 'sbt bloopInstall' in 18s
Starting the bsp launcher for bloop...
Opening a bsp server connection with 'bsp --protocol local --socket /tmp/bsp-launcher12863200125055655023/bsp.socket'...
Waiting for the bsp connection to come up...
Waiting for the bsp connection to come up...
Waiting for the bsp connection to come up...
Waiting for the bsp connection to come up...
No server running at 127.0.0.1:8212, let's fire one...
Resolving ch.epfl.scala:bloop-frontend_2.12:1.4.3...
Starting bloop server at 127.0.0.1:8212...
Attempting a connection to the server...
Attempting a connection to the server...
Attempting a connection to the server...
Attempting a connection to the server...
[0m[32m[D][0m Loading 2 projects from '/home/mateusz/Projekty/exercism/scala/nucleotide-count/.bloop'...
[0m[32m[D][0m Loading project from '/home/mateusz/Projekty/exercism/scala/nucleotide-count/.bloop/nucleotide-count-test.json'
[0m[32m[D][0m Loading project from '/home/mateusz/Projekty/exercism/scala/nucleotide-count/.bloop/nucleotide-count.json'
[0m[32m[D][0m Cache miss for scala instance org.scala-lang:scala-compiler:2.12.8.
[0m[32m[D][0m   => /home/mateusz/.cache/coursier/v1/https/repo1.maven.org/maven2/jline/jline/2.14.6/jline-2.14.6.jar
[0m[32m[D][0m   => /home/mateusz/.cache/coursier/v1/https/repo1.maven.org/maven2/org/scala-lang/modules/scala-xml_2.12/1.0.6/scala-xml_2.12-1.0.6.jar
[0m[32m[D][0m   => /home/mateusz/.cache/coursier/v1/https/repo1.maven.org/maven2/org/scala-lang/scala-compiler/2.12.8/scala-compiler-2.12.8.jar
[0m[32m[D][0m   => /home/mateusz/.cache/coursier/v1/https/repo1.maven.org/maven2/org/scala-lang/scala-library/2.12.8/scala-library-2.12.8.jar
[0m[32m[D][0m   => /home/mateusz/.cache/coursier/v1/https/repo1.maven.org/maven2/org/scala-lang/scala-reflect/2.12.8/scala-reflect-2.12.8.jar
[0m[32m[D][0m Missing analysis file for project 'nucleotide-count-test'
[0m[32m[D][0m Missing analysis file for project 'nucleotide-count'
[0m[32m[D][0m Waiting for a connection at local:///tmp/bsp-launcher12863200125055655023/bsp.socket...
The server is listening for incoming connections at local:///tmp/bsp-launcher12863200125055655023/bsp.socket...
Starting thread that pumps stdin and redirects it to the bsp server...
Starting thread that pumps server stdout and redirects it to the client stdout...
2020.07.27 10:50:59 INFO  tracing is disabled for protocol BSP, to enable tracing of incoming and outgoing JSON messages create an empty file at /home/mateusz/.cache/metals/bsp.trace.json
2020.07.27 10:51:00 INFO  time: connected to build server in 3.68s
2020.07.27 10:51:00 INFO  Connected to Build server v1.4.3
2020.07.27 10:50:59 INFO  time: imported build in 0.14s
2020.07.27 10:51:01 WARN  Could not find java sources in None. Java symbols will not be available.
2020.07.27 10:51:03 INFO  time: indexed workspace in 2.72s
2020.07.27 10:51:05 INFO  compiling nucleotide-count (1 scala source)
2020.07.27 10:51:09 INFO  compiling nucleotide-count-test (1 scala source)
2020.07.27 10:51:09 INFO  time: compiled nucleotide-count in 5.05s
2020.07.27 10:51:10 INFO  time: compiled nucleotide-count-test in 1.02s
2020.07.27 11:22:34 INFO  compiling nucleotide-count (1 scala source)
2020.07.27 11:22:36 INFO  time: compiled nucleotide-count in 1.37s
2020.07.27 11:22:47 INFO  compiling nucleotide-count (1 scala source)
2020.07.27 11:22:47 INFO  time: compiled nucleotide-count in 0.16s
2020.07.27 11:22:47 INFO  compiling nucleotide-count (1 scala source)
2020.07.27 11:22:47 INFO  time: compiled nucleotide-count in 0.11s
2020.07.27 11:22:53 INFO  compiling nucleotide-count (1 scala source)
2020.07.27 11:22:53 INFO  time: compiled nucleotide-count in 0.16s
2020.07.27 11:22:53 INFO  compiling nucleotide-count (1 scala source)
2020.07.27 11:22:53 INFO  time: compiled nucleotide-count in 0.14s
2020.07.27 11:22:53 INFO  compiling nucleotide-count (1 scala source)
2020.07.27 11:22:55 INFO  time: compiled nucleotide-count in 0.35s
2020.07.27 11:22:55 ERROR code navigation does not work for the file '/home/mateusz/Projekty/exercism/scala/nucleotide-count/src/test/scala/NucleotideCountTest.scala' because the SemanticDB file '/home/mateusz/Projekty/exercism/scala/nucleotide-count/.bloop/nucleotide-count/bloop-bsp-clients-classes/test-classes-Metals-AmbNf4koQQ-gUYEhFORAjg==/META-INF/semanticdb/src/test/scala/NucleotideCountTest.scala.semanticdb' doesn't exist. There can be many reasons for this error. 
2020.07.27 11:23:02 INFO  compiling nucleotide-count (1 scala source)
2020.07.27 11:23:02 INFO  time: compiled nucleotide-count in 0.61s
2020.07.27 11:24:11 INFO  compiling nucleotide-count (1 scala source)
2020.07.27 11:24:11 INFO  time: compiled nucleotide-count in 0.55s
2020.07.27 11:24:17 INFO  compiling nucleotide-count (1 scala source)
2020.07.27 11:24:17 INFO  time: compiled nucleotide-count in 0.41s
2020.07.27 11:24:24 INFO  compiling nucleotide-count (1 scala source)
2020.07.27 11:24:24 INFO  time: compiled nucleotide-count in 0.22s
2020.07.27 11:24:24 INFO  compiling nucleotide-count (1 scala source)
2020.07.27 11:24:24 INFO  time: compiled nucleotide-count in 0.2s
2020.07.27 11:24:36 INFO  compiling nucleotide-count (1 scala source)
2020.07.27 11:24:36 INFO  time: compiled nucleotide-count in 0.61s
2020.07.27 11:24:52 INFO  compiling nucleotide-count (1 scala source)
2020.07.27 11:24:52 INFO  time: compiled nucleotide-count in 0.5s
2020.07.27 11:24:56 INFO  compiling nucleotide-count (1 scala source)
2020.07.27 11:24:56 INFO  time: compiled nucleotide-count in 0.43s
2020.07.27 11:25:06 INFO  compiling nucleotide-count (1 scala source)
2020.07.27 11:25:06 INFO  time: compiled nucleotide-count in 64ms
2020.07.27 11:25:06 INFO  compiling nucleotide-count (1 scala source)
2020.07.27 11:25:06 INFO  time: compiled nucleotide-count in 66ms
2020.07.27 11:25:19 INFO  compiling nucleotide-count (1 scala source)
2020.07.27 11:25:19 WARN  there was one deprecation warning (since 2.11.0); re-run with -deprecation for details
2020.07.27 11:25:19 INFO  time: compiled nucleotide-count in 0.7s
2020.07.27 11:25:31 INFO  compiling nucleotide-count (1 scala source)
2020.07.27 11:25:31 WARN  there was one deprecation warning (since 2.11.0); re-run with -deprecation for details
2020.07.27 11:25:31 INFO  time: compiled nucleotide-count in 0.54s
2020.07.27 11:25:41 INFO  compiling nucleotide-count (1 scala source)
2020.07.27 11:25:41 INFO  time: compiled nucleotide-count in 0.11s
2020.07.27 11:25:41 INFO  compiling nucleotide-count (1 scala source)
2020.07.27 11:25:41 INFO  time: compiled nucleotide-count in 0.12s
2020.07.27 11:25:57 INFO  compiling nucleotide-count (1 scala source)
2020.07.27 11:25:57 WARN  there was one deprecation warning (since 2.11.0); re-run with -deprecation for details
2020.07.27 11:25:57 INFO  time: compiled nucleotide-count in 0.78s
2020.07.27 11:25:59 INFO  compiling nucleotide-count (1 scala source)
2020.07.27 11:25:59 INFO  time: compiled nucleotide-count in 0.15s
2020.07.27 11:26:10 INFO  compiling nucleotide-count (1 scala source)
2020.07.27 11:26:10 INFO  time: compiled nucleotide-count in 0.17s
2020.07.27 11:26:10 INFO  compiling nucleotide-count (1 scala source)
2020.07.27 11:26:10 INFO  time: compiled nucleotide-count in 0.13s
2020.07.27 11:26:13 INFO  compiling nucleotide-count (1 scala source)
2020.07.27 11:26:13 INFO  time: compiled nucleotide-count in 0.13s
2020.07.27 11:26:13 INFO  compiling nucleotide-count (1 scala source)
2020.07.27 11:26:13 INFO  time: compiled nucleotide-count in 0.11s
2020.07.27 11:26:20 INFO  compiling nucleotide-count (1 scala source)
2020.07.27 11:26:20 INFO  time: compiled nucleotide-count in 0.15s
2020.07.27 11:26:20 INFO  compiling nucleotide-count (1 scala source)
2020.07.27 11:26:20 INFO  time: compiled nucleotide-count in 0.14s
2020.07.27 11:26:23 INFO  compiling nucleotide-count (1 scala source)
2020.07.27 11:26:23 INFO  time: compiled nucleotide-count in 0.26s
2020.07.27 11:26:23 INFO  compiling nucleotide-count (1 scala source)
2020.07.27 11:26:23 INFO  time: compiled nucleotide-count in 0.27s
2020.07.27 11:26:31 INFO  compiling nucleotide-count (1 scala source)
2020.07.27 11:26:31 INFO  time: compiled nucleotide-count in 75ms
2020.07.27 11:26:31 INFO  compiling nucleotide-count (1 scala source)
2020.07.27 11:26:31 INFO  time: compiled nucleotide-count in 81ms
2020.07.27 11:26:37 INFO  compiling nucleotide-count (1 scala source)
2020.07.27 11:26:37 INFO  time: compiled nucleotide-count in 0.2s
2020.07.27 11:26:37 INFO  compiling nucleotide-count (1 scala source)
2020.07.27 11:26:37 INFO  time: compiled nucleotide-count in 0.2s
2020.07.27 11:26:42 INFO  compiling nucleotide-count (1 scala source)
2020.07.27 11:26:42 INFO  time: compiled nucleotide-count in 0.16s
2020.07.27 11:26:42 INFO  compiling nucleotide-count (1 scala source)
2020.07.27 11:26:42 INFO  time: compiled nucleotide-count in 0.21s
2020.07.27 11:26:45 INFO  compiling nucleotide-count (1 scala source)
2020.07.27 11:26:45 INFO  time: compiled nucleotide-count in 0.16s
2020.07.27 11:26:45 INFO  compiling nucleotide-count (1 scala source)
2020.07.27 11:26:45 INFO  time: compiled nucleotide-count in 0.22s
2020.07.27 11:26:47 INFO  compiling nucleotide-count (1 scala source)
2020.07.27 11:26:47 INFO  time: compiled nucleotide-count in 0.17s
2020.07.27 11:27:00 INFO  compiling nucleotide-count (1 scala source)
2020.07.27 11:27:00 INFO  time: compiled nucleotide-count in 71ms
2020.07.27 11:27:00 INFO  compiling nucleotide-count (1 scala source)
2020.07.27 11:27:00 INFO  time: compiled nucleotide-count in 46ms
2020.07.27 11:27:11 INFO  compiling nucleotide-count (1 scala source)
2020.07.27 11:27:11 INFO  time: compiled nucleotide-count in 0.18s
2020.07.27 11:27:11 INFO  compiling nucleotide-count (1 scala source)
2020.07.27 11:27:11 INFO  time: compiled nucleotide-count in 0.15s
2020.07.27 11:27:20 INFO  compiling nucleotide-count (1 scala source)
2020.07.27 11:27:20 INFO  time: compiled nucleotide-count in 0.14s
2020.07.27 11:27:20 INFO  compiling nucleotide-count (1 scala source)
2020.07.27 11:27:20 INFO  time: compiled nucleotide-count in 0.16s
Jul 27, 2020 11:27:22 AM org.eclipse.lsp4j.jsonrpc.RemoteEndpoint handleCancellation
WARNING: Unmatched cancel notification for request id 1164
2020.07.27 11:27:26 INFO  compiling nucleotide-count (1 scala source)
2020.07.27 11:27:26 INFO  time: compiled nucleotide-count in 0.15s
2020.07.27 11:27:26 INFO  compiling nucleotide-count (1 scala source)
2020.07.27 11:27:26 INFO  time: compiled nucleotide-count in 0.15s
2020.07.27 11:27:32 INFO  compiling nucleotide-count (1 scala source)
2020.07.27 11:27:32 INFO  time: compiled nucleotide-count in 0.22s
2020.07.27 11:27:32 INFO  compiling nucleotide-count (1 scala source)
2020.07.27 11:27:32 INFO  time: compiled nucleotide-count in 0.25s
2020.07.27 11:28:26 INFO  compiling nucleotide-count (1 scala source)
2020.07.27 11:28:26 INFO  time: compiled nucleotide-count in 0.25s
2020.07.27 11:28:26 INFO  compiling nucleotide-count (1 scala source)
2020.07.27 11:28:26 INFO  time: compiled nucleotide-count in 0.19s
2020.07.27 11:28:35 INFO  compiling nucleotide-count (1 scala source)
2020.07.27 11:28:35 INFO  time: compiled nucleotide-count in 0.13s
2020.07.27 11:28:35 INFO  compiling nucleotide-count (1 scala source)
2020.07.27 11:28:35 INFO  time: compiled nucleotide-count in 0.14s
2020.07.27 11:28:38 INFO  compiling nucleotide-count (1 scala source)
2020.07.27 11:28:38 INFO  time: compiled nucleotide-count in 0.12s
2020.07.27 11:28:44 INFO  compiling nucleotide-count (1 scala source)
2020.07.27 11:28:44 INFO  time: compiled nucleotide-count in 72ms
2020.07.27 11:28:44 INFO  compiling nucleotide-count (1 scala source)
2020.07.27 11:28:44 INFO  time: compiled nucleotide-count in 77ms
2020.07.27 11:28:58 INFO  compiling nucleotide-count (1 scala source)
2020.07.27 11:28:58 INFO  time: compiled nucleotide-count in 0.19s
2020.07.27 11:28:58 INFO  compiling nucleotide-count (1 scala source)
2020.07.27 11:28:58 INFO  time: compiled nucleotide-count in 0.18s
2020.07.27 11:29:05 INFO  compiling nucleotide-count (1 scala source)
2020.07.27 11:29:05 INFO  time: compiled nucleotide-count in 50ms
2020.07.27 11:29:05 INFO  compiling nucleotide-count (1 scala source)
2020.07.27 11:29:05 INFO  time: compiled nucleotide-count in 40ms
2020.07.27 11:29:09 INFO  compiling nucleotide-count (1 scala source)
2020.07.27 11:29:09 INFO  time: compiled nucleotide-count in 0.15s
2020.07.27 11:29:09 INFO  compiling nucleotide-count (1 scala source)
2020.07.27 11:29:09 INFO  time: compiled nucleotide-count in 0.18s
Jul 27, 2020 11:29:11 AM org.eclipse.lsp4j.jsonrpc.RemoteEndpoint handleCancellation
WARNING: Unmatched cancel notification for request id 1401
2020.07.27 11:29:18 INFO  compiling nucleotide-count (1 scala source)
2020.07.27 11:29:18 INFO  time: compiled nucleotide-count in 0.17s
2020.07.27 11:29:18 INFO  compiling nucleotide-count (1 scala source)
2020.07.27 11:29:18 INFO  time: compiled nucleotide-count in 0.18s
2020.07.27 11:29:21 INFO  compiling nucleotide-count (1 scala source)
2020.07.27 11:29:21 INFO  time: compiled nucleotide-count in 41ms
2020.07.27 11:29:27 INFO  compiling nucleotide-count (1 scala source)
2020.07.27 11:29:27 INFO  time: compiled nucleotide-count in 0.28s
2020.07.27 11:29:27 INFO  compiling nucleotide-count (1 scala source)
2020.07.27 11:29:27 INFO  time: compiled nucleotide-count in 0.21s
2020.07.27 11:29:29 INFO  compiling nucleotide-count (1 scala source)
2020.07.27 11:29:29 INFO  time: compiled nucleotide-count in 0.15s
2020.07.27 11:29:34 INFO  compiling nucleotide-count (1 scala source)
2020.07.27 11:29:34 INFO  time: compiled nucleotide-count in 0.19s
2020.07.27 11:29:34 INFO  compiling nucleotide-count (1 scala source)
2020.07.27 11:29:34 INFO  time: compiled nucleotide-count in 0.15s
2020.07.27 11:29:36 INFO  compiling nucleotide-count (1 scala source)
2020.07.27 11:29:36 INFO  time: compiled nucleotide-count in 0.14s
2020.07.27 11:29:50 INFO  compiling nucleotide-count (1 scala source)
2020.07.27 11:29:50 INFO  time: compiled nucleotide-count in 45ms
2020.07.27 11:29:50 INFO  compiling nucleotide-count (1 scala source)
2020.07.27 11:29:50 INFO  time: compiled nucleotide-count in 56ms
2020.07.27 11:29:57 INFO  compiling nucleotide-count (1 scala source)
2020.07.27 11:29:57 INFO  time: compiled nucleotide-count in 72ms
2020.07.27 11:29:57 INFO  compiling nucleotide-count (1 scala source)
2020.07.27 11:29:57 INFO  time: compiled nucleotide-count in 52ms
2020.07.27 11:30:01 INFO  compiling nucleotide-count (1 scala source)
2020.07.27 11:30:01 INFO  time: compiled nucleotide-count in 63ms
2020.07.27 11:30:01 INFO  compiling nucleotide-count (1 scala source)
2020.07.27 11:30:01 INFO  time: compiled nucleotide-count in 41ms
Jul 27, 2020 11:30:06 AM org.eclipse.lsp4j.jsonrpc.RemoteEndpoint handleCancellation
WARNING: Unmatched cancel notification for request id 1657
2020.07.27 11:30:13 INFO  compiling nucleotide-count (1 scala source)
2020.07.27 11:30:13 INFO  time: compiled nucleotide-count in 49ms
2020.07.27 11:30:13 INFO  compiling nucleotide-count (1 scala source)
2020.07.27 11:30:13 INFO  time: compiled nucleotide-count in 42ms
2020.07.27 11:30:15 INFO  compiling nucleotide-count (1 scala source)
2020.07.27 11:30:15 INFO  time: compiled nucleotide-count in 0.22s
2020.07.27 11:30:25 INFO  compiling nucleotide-count (1 scala source)
2020.07.27 11:30:25 INFO  time: compiled nucleotide-count in 0.18s
2020.07.27 11:30:25 INFO  compiling nucleotide-count (1 scala source)
2020.07.27 11:30:25 INFO  time: compiled nucleotide-count in 0.15s
2020.07.27 11:31:10 INFO  compiling nucleotide-count (1 scala source)
2020.07.27 11:31:10 WARN  there was one deprecation warning (since 2.11.0); re-run with -deprecation for details
2020.07.27 11:31:10 INFO  time: compiled nucleotide-count in 0.67s
something's wrong: no file:///home/mateusz/Projekty/exercism/scala/nucleotide-count/src/main/scala/NucleotideCount.scala in Right[String,Map[String,Int]]RangePosition(file:///home/mateusz/Projekty/exercism/scala/nucleotide-count/src/main/scala/NucleotideCount.scala, 97, 97, 128)
2020.07.27 11:31:29 INFO  compiling nucleotide-count (1 scala source)
2020.07.27 11:31:29 INFO  time: compiled nucleotide-count in 0.46s
2020.07.27 11:31:45 INFO  compiling nucleotide-count-test (1 scala source)
2020.07.27 11:31:47 INFO  time: compiled nucleotide-count-test in 2.81s
2020.07.27 11:32:07 INFO  compiling nucleotide-count-test (1 scala source)
2020.07.27 11:32:08 INFO  time: compiled nucleotide-count-test in 1.11s
2020.07.27 11:32:11 INFO  compiling nucleotide-count-test (1 scala source)
2020.07.27 11:32:12 INFO  time: compiled nucleotide-count-test in 1.07s
something's wrong: no file:///home/mateusz/Projekty/exercism/scala/nucleotide-count/src/main/scala/NucleotideCount.scala in Right[String,Map[String,Int]]RangePosition(file:///home/mateusz/Projekty/exercism/scala/nucleotide-count/src/main/scala/NucleotideCount.scala, 97, 97, 128)
2020.07.27 11:32:37 INFO  compiling nucleotide-count (1 scala source)
2020.07.27 11:32:37 INFO  time: compiled nucleotide-count in 0.54s
Jul 27, 2020 11:32:41 AM org.eclipse.lsp4j.jsonrpc.RemoteEndpoint handleCancellation
WARNING: Unmatched cancel notification for request id 1961
2020.07.27 11:32:47 INFO  compiling nucleotide-count (1 scala source)
2020.07.27 11:32:47 INFO  time: compiled nucleotide-count in 0.5s
2020.07.27 11:33:53 INFO  compiling nucleotide-count (1 scala source)
2020.07.27 11:33:53 INFO  time: compiled nucleotide-count in 0.55s
2020.07.27 11:34:03 INFO  compiling nucleotide-count (1 scala source)
2020.07.27 11:34:03 INFO  time: compiled nucleotide-count in 0.41s
2020.07.27 11:35:43 INFO  compiling nucleotide-count (1 scala source)
2020.07.27 11:35:43 INFO  time: compiled nucleotide-count in 70ms
2020.07.27 11:35:43 INFO  compiling nucleotide-count (1 scala source)
2020.07.27 11:35:43 INFO  time: compiled nucleotide-count in 50ms
2020.07.27 11:35:52 INFO  compiling nucleotide-count (1 scala source)
2020.07.27 11:35:52 INFO  time: compiled nucleotide-count in 0.44s
2020.07.27 11:37:56 INFO  compiling nucleotide-count (1 scala source)
2020.07.27 11:37:56 INFO  time: compiled nucleotide-count in 0.32s
2020.07.27 11:38:48 INFO  compiling nucleotide-count (1 scala source)
2020.07.27 11:38:48 INFO  time: compiled nucleotide-count in 0.5s
2020.07.27 11:38:59 INFO  compiling nucleotide-count (1 scala source)
2020.07.27 11:38:59 INFO  time: compiled nucleotide-count in 0.32s
2020.07.27 11:39:39 INFO  compiling nucleotide-count (1 scala source)
2020.07.27 11:39:39 INFO  time: compiled nucleotide-count in 0.14s
2020.07.27 11:39:39 INFO  compiling nucleotide-count (1 scala source)
2020.07.27 11:39:39 INFO  time: compiled nucleotide-count in 0.14s
2020.07.27 11:39:51 INFO  compiling nucleotide-count (1 scala source)
2020.07.27 11:39:51 INFO  time: compiled nucleotide-count in 0.34s
2020.07.27 11:42:35 INFO  compiling nucleotide-count (1 scala source)
2020.07.27 11:42:35 INFO  time: compiled nucleotide-count in 0.28s
2020.07.27 11:43:14 INFO  compiling nucleotide-count (1 scala source)
2020.07.27 11:43:14 INFO  time: compiled nucleotide-count in 78ms
2020.07.27 11:43:14 INFO  compiling nucleotide-count (1 scala source)
2020.07.27 11:43:14 INFO  time: compiled nucleotide-count in 49ms
2020.07.27 11:43:19 INFO  compiling nucleotide-count (1 scala source)
2020.07.27 11:43:19 INFO  time: compiled nucleotide-count in 0.52s
2020.07.27 11:44:03 INFO  compiling nucleotide-count (1 scala source)
2020.07.27 11:44:03 INFO  time: compiled nucleotide-count in 0.37s
2020.07.27 11:44:11 INFO  compiling nucleotide-count (1 scala source)
2020.07.27 11:44:11 INFO  time: compiled nucleotide-count in 0.33s
2020.07.27 11:44:21 INFO  compiling nucleotide-count (1 scala source)
2020.07.27 11:44:21 INFO  time: compiled nucleotide-count in 0.4s
2020.07.27 11:44:28 INFO  compiling nucleotide-count (1 scala source)
2020.07.27 11:44:28 INFO  time: compiled nucleotide-count in 0.36s
2020.07.27 11:48:22 INFO  shutting down Metals
No more data in the client stdin, exiting...
No more data in the server stdin, exiting...
