2020.07.26 22:39:58 INFO  started: Metals version 0.9.2 in workspace '/home/mateusz/Projekty/exercism/scala/zebra-puzzle' for client vscode.
2020.07.26 22:40:00 INFO  time: initialize in 1.79s
2020.07.26 22:40:01 INFO  no build target: using presentation compiler with only scala-library
2020.07.26 22:40:05 WARN  no build target for: /home/mateusz/Projekty/exercism/scala/zebra-puzzle/src/main/scala/ZebraPuzzle.scala
2020.07.26 22:40:05 INFO  running '/usr/lib/jvm/java-11-openjdk-amd64/bin/java -Djline.terminal=jline.UnsupportedTerminal -Dsbt.log.noformat=true -Dfile.encoding=UTF-8 -Dsbt.version=1.3.13 -jar /tmp/metals7237758184460340742/sbt-launch.jar -Dbloop.export-jar-classifiers=sources bloopInstall'
2020.07.26 22:40:05 INFO  skipping build import with status 'Started'
2020.07.26 22:40:07 WARN  no build target for: /home/mateusz/Projekty/exercism/scala/zebra-puzzle/src/test/scala/ZebraPuzzleTest.scala
2020.07.26 22:40:09 INFO  [info] Updated file /home/mateusz/Projekty/exercism/scala/zebra-puzzle/project/build.properties: set sbt.version to 1.3.13
2020.07.26 22:40:09 INFO  [info] welcome to sbt 1.3.13 (Ubuntu Java 11.0.8)
2020.07.26 22:40:12 INFO  [info] loading global plugins from /home/mateusz/.sbt/1.0/plugins
2020.07.26 22:40:14 WARN  no build target for: /home/mateusz/Projekty/exercism/scala/zebra-puzzle/src/main/scala/ZebraPuzzle.scala
2020.07.26 22:40:16 INFO  [info] loading settings for project zebra-puzzle-build from metals.sbt ...
2020.07.26 22:40:16 INFO  [info] loading project definition from /home/mateusz/Projekty/exercism/scala/zebra-puzzle/project
2020.07.26 22:40:19 INFO  [warn] There may be incompatibilities among your library dependencies; run 'evicted' to see detailed eviction warnings.
2020.07.26 22:40:21 INFO  [info] loading settings for project zebra-puzzle from build.sbt ...
2020.07.26 22:40:21 INFO  [info] set current project to zebra-puzzle (in build file:/home/mateusz/Projekty/exercism/scala/zebra-puzzle/)
2020.07.26 22:40:23 INFO  [success] Generated .bloop/zebra-puzzle.json
2020.07.26 22:40:23 INFO  [success] Generated .bloop/zebra-puzzle-test.json
2020.07.26 22:40:23 INFO  [success] Total time: 1 s, completed Jul 26, 2020, 10:40:23 PM
2020.07.26 22:40:23 INFO  build tool exit: 0
2020.07.26 22:40:24 INFO  time: ran 'sbt bloopInstall' in 19s
Starting the bsp launcher for bloop...
Opening a bsp server connection with 'bsp --protocol local --socket /tmp/bsp-launcher11471584275474040261/bsp.socket'...
Waiting for the bsp connection to come up...
[0m[32m[D][0m Loading 2 projects from '/home/mateusz/Projekty/exercism/scala/zebra-puzzle/.bloop'...
[0m[32m[D][0m Loading project from '/home/mateusz/Projekty/exercism/scala/zebra-puzzle/.bloop/zebra-puzzle.json'
[0m[32m[D][0m Loading project from '/home/mateusz/Projekty/exercism/scala/zebra-puzzle/.bloop/zebra-puzzle-test.json'
[0m[32m[D][0m Missing analysis file for project 'zebra-puzzle-test'
[0m[32m[D][0m Missing analysis file for project 'zebra-puzzle'
[0m[32m[D][0m Waiting for a connection at local:///tmp/bsp-launcher11471584275474040261/bsp.socket...
The server is listening for incoming connections at local:///tmp/bsp-launcher11471584275474040261/bsp.socket...
Starting thread that pumps stdin and redirects it to the bsp server...
Starting thread that pumps server stdout and redirects it to the client stdout...
2020.07.26 22:40:24 INFO  tracing is disabled for protocol BSP, to enable tracing of incoming and outgoing JSON messages create an empty file at /home/mateusz/.cache/metals/bsp.trace.json
2020.07.26 22:40:24 INFO  time: connected to build server in 0.19s
2020.07.26 22:40:24 INFO  Connected to Build server v1.4.3
2020.07.26 22:40:25 WARN  Could not find java sources in None. Java symbols will not be available.
2020.07.26 22:40:27 INFO  time: indexed workspace in 2.88s
2020.07.26 22:40:27 INFO  compiling zebra-puzzle (1 scala source)
2020.07.26 22:40:29 INFO  time: compiled zebra-puzzle in 2.41s
2020.07.26 22:40:29 INFO  compiling zebra-puzzle-test (1 scala source)
2020.07.26 22:40:29 INFO  compiling zebra-puzzle (1 scala source)
Jul 26, 2020 10:40:30 PM org.eclipse.lsp4j.jsonrpc.RemoteEndpoint handleCancellation
WARNING: Unmatched cancel notification for request id 17
2020.07.26 22:40:30 ERROR code navigation does not work for the file '/home/mateusz/Projekty/exercism/scala/zebra-puzzle/src/test/scala/ZebraPuzzleTest.scala' because the build target zebra-puzzle-test is being compiled. Wait until compilation is finished and try again.
2020.07.26 22:40:31 INFO  time: compiled zebra-puzzle-test in 1.18s
2020.07.26 22:40:32 INFO  compiling zebra-puzzle-test (1 scala source)
2020.07.26 22:40:32 INFO  time: compiled zebra-puzzle in 2.16s
2020.07.26 22:40:33 INFO  time: compiled zebra-puzzle-test in 1.44s
Jul 26, 2020 10:40:40 PM org.eclipse.lsp4j.jsonrpc.RemoteEndpoint handleCancellation
WARNING: Unmatched cancel notification for request id 64
2020.07.26 22:40:48 INFO  compiling zebra-puzzle (1 scala source)
2020.07.26 22:40:48 INFO  time: compiled zebra-puzzle in 0.4s
2020.07.26 22:47:11 INFO  shutting down Metals
No more data in the client stdin, exiting...
No more data in the server stdin, exiting...
No more data in the server stdin, exiting...
