INFO  started: Metals version 0.8.3 in workspace '/home/mateusz/Projekty/exercism/scala/robot-name'
INFO  time: initialize in 0.41s
WARN  Unsupported sbt version <unknown>
WARN  no build target for: /home/mateusz/Projekty/exercism/scala/robot-name/src/main/scala/RobotName.scala
INFO  shutting down Metals
2020.07.27 23:32:09 INFO  started: Metals version 0.9.2 in workspace '/home/mateusz/Projekty/exercism/scala/robot-name' for client vscode.
2020.07.27 23:32:11 INFO  time: initialize in 2.02s
2020.07.27 23:32:11 WARN  resetting database: /home/mateusz/Projekty/exercism/scala/robot-name/.metals/metals.h2.db
2020.07.27 23:32:11 INFO  no build target: using presentation compiler with only scala-library
2020.07.27 23:32:16 WARN  no build target for: /home/mateusz/Projekty/exercism/scala/robot-name/src/main/scala/RobotName.scala
2020.07.27 23:32:16 WARN  no build target for: /home/mateusz/Projekty/exercism/scala/robot-name/src/test/scala/RobotNameTest.scala
Jul 27, 2020 11:32:16 PM org.eclipse.lsp4j.jsonrpc.RemoteEndpoint handleCancellation
WARNING: Unmatched cancel notification for request id 4
Jul 27, 2020 11:32:16 PM org.eclipse.lsp4j.jsonrpc.RemoteEndpoint handleCancellation
WARNING: Unmatched cancel notification for request id 2
Jul 27, 2020 11:32:16 PM org.eclipse.lsp4j.jsonrpc.RemoteEndpoint handleCancellation
WARNING: Unmatched cancel notification for request id 8
Jul 27, 2020 11:32:16 PM org.eclipse.lsp4j.jsonrpc.RemoteEndpoint handleCancellation
WARNING: Unmatched cancel notification for request id 6
2020.07.27 23:32:16 WARN  no build target for: /home/mateusz/Projekty/exercism/scala/robot-name/src/main/scala/RobotName.scala
Jul 27, 2020 11:32:16 PM org.eclipse.lsp4j.jsonrpc.RemoteEndpoint handleCancellation
WARNING: Unmatched cancel notification for request id 11
Jul 27, 2020 11:32:16 PM org.eclipse.lsp4j.jsonrpc.RemoteEndpoint handleCancellation
WARNING: Unmatched cancel notification for request id 14
2020.07.27 23:32:16 INFO  running '/usr/lib/jvm/java-11-openjdk-amd64/bin/java -Djline.terminal=jline.UnsupportedTerminal -Dsbt.log.noformat=true -Dfile.encoding=UTF-8 -Dsbt.version=1.3.13 -jar /tmp/metals10211938705873483893/sbt-launch.jar -Dbloop.export-jar-classifiers=sources bloopInstall'
2020.07.27 23:32:17 INFO  skipping build import with status 'Started'
2020.07.27 23:32:21 WARN  no build target for: /home/mateusz/Projekty/exercism/scala/robot-name/src/main/scala/RobotName.scala
2020.07.27 23:32:21 WARN  no build target for: /home/mateusz/Projekty/exercism/scala/robot-name/src/main/scala/RobotName.scala
2020.07.27 23:32:23 INFO  [info] Updated file /home/mateusz/Projekty/exercism/scala/robot-name/project/build.properties: set sbt.version to 1.3.13
2020.07.27 23:32:23 INFO  [info] welcome to sbt 1.3.13 (Ubuntu Java 11.0.8)
2020.07.27 23:32:26 INFO  [info] loading global plugins from /home/mateusz/.sbt/1.0/plugins
2020.07.27 23:32:31 INFO  [info] loading settings for project robot-name-build from metals.sbt ...
2020.07.27 23:32:31 INFO  [info] loading project definition from /home/mateusz/Projekty/exercism/scala/robot-name/project
2020.07.27 23:32:34 INFO  [warn] There may be incompatibilities among your library dependencies; run 'evicted' to see detailed eviction warnings.
2020.07.27 23:32:35 WARN  no build target for: /home/mateusz/Projekty/exercism/scala/robot-name/src/main/scala/RobotName.scala
2020.07.27 23:32:35 INFO  [info] loading settings for project robot-name from build.sbt ...
2020.07.27 23:32:35 INFO  [info] set current project to robot-name (in build file:/home/mateusz/Projekty/exercism/scala/robot-name/)
2020.07.27 23:32:37 INFO  [success] Generated .bloop/robot-name-test.json
2020.07.27 23:32:37 INFO  [success] Generated .bloop/robot-name.json
2020.07.27 23:32:37 INFO  [success] Total time: 1 s, completed Jul 27, 2020, 11:32:37 PM
2020.07.27 23:32:37 INFO  build tool exit: 0
2020.07.27 23:32:37 INFO  time: ran 'sbt bloopInstall' in 21s
Starting the bsp launcher for bloop...
Opening a bsp server connection with 'bsp --protocol local --socket /tmp/bsp-launcher8161704808284081841/bsp.socket'...
Waiting for the bsp connection to come up...
[0m[32m[D][0m Loading 2 projects from '/home/mateusz/Projekty/exercism/scala/robot-name/.bloop'...
[0m[32m[D][0m Loading project from '/home/mateusz/Projekty/exercism/scala/robot-name/.bloop/robot-name-test.json'
[0m[32m[D][0m Loading project from '/home/mateusz/Projekty/exercism/scala/robot-name/.bloop/robot-name.json'
[0m[32m[D][0m Missing analysis file for project 'robot-name-test'
[0m[32m[D][0m Missing analysis file for project 'robot-name'
[0m[32m[D][0m Waiting for a connection at local:///tmp/bsp-launcher8161704808284081841/bsp.socket...
The server is listening for incoming connections at local:///tmp/bsp-launcher8161704808284081841/bsp.socket...
Starting thread that pumps stdin and redirects it to the bsp server...
Starting thread that pumps server stdout and redirects it to the client stdout...
2020.07.27 23:32:38 INFO  tracing is disabled for protocol BSP, to enable tracing of incoming and outgoing JSON messages create an empty file at /home/mateusz/.cache/metals/bsp.trace.json
2020.07.27 23:32:38 INFO  time: connected to build server in 0.29s
2020.07.27 23:32:38 INFO  Connected to Build server v1.4.3
2020.07.27 23:32:39 WARN  Could not find java sources in None. Java symbols will not be available.
2020.07.27 23:32:42 INFO  time: indexed workspace in 4.43s
2020.07.27 23:32:42 INFO  compiling robot-name (1 scala source)
2020.07.27 23:32:44 INFO  time: compiled robot-name in 1.36s
2020.07.27 23:32:44 INFO  compiling robot-name-test (1 scala source)
2020.07.27 23:32:44 INFO  time: compiled robot-name-test in 0.87s
2020.07.27 23:32:45 INFO  compiling robot-name (1 scala source)
2020.07.27 23:32:45 INFO  time: compiled robot-name in 0.17s
2020.07.27 23:32:45 INFO  compiling robot-name (1 scala source)
2020.07.27 23:32:45 INFO  time: compiled robot-name in 0.19s
2020.07.27 23:32:47 INFO  compiling robot-name (1 scala source)
2020.07.27 23:32:47 INFO  time: compiled robot-name in 63ms
Jul 27, 2020 11:32:49 PM org.eclipse.lsp4j.jsonrpc.RemoteEndpoint handleCancellation
WARNING: Unmatched cancel notification for request id 133
Jul 27, 2020 11:32:49 PM org.eclipse.lsp4j.jsonrpc.RemoteEndpoint handleCancellation
WARNING: Unmatched cancel notification for request id 138
Jul 27, 2020 11:32:49 PM org.eclipse.lsp4j.jsonrpc.RemoteEndpoint handleCancellation
WARNING: Unmatched cancel notification for request id 141
Jul 27, 2020 11:32:49 PM org.eclipse.lsp4j.jsonrpc.RemoteEndpoint handleCancellation
WARNING: Unmatched cancel notification for request id 135
Jul 27, 2020 11:32:49 PM org.eclipse.lsp4j.jsonrpc.RemoteEndpoint handleCancellation
WARNING: Unmatched cancel notification for request id 144
Jul 27, 2020 11:32:49 PM org.eclipse.lsp4j.jsonrpc.RemoteEndpoint handleCancellation
WARNING: Unmatched cancel notification for request id 143
2020.07.27 23:32:55 INFO  compiling robot-name (1 scala source)
2020.07.27 23:32:55 INFO  time: compiled robot-name in 0.26s
2020.07.27 23:33:05 INFO  compiling robot-name (1 scala source)
2020.07.27 23:33:05 INFO  time: compiled robot-name in 0.2s
2020.07.27 23:33:10 INFO  compiling robot-name (1 scala source)
2020.07.27 23:33:10 INFO  time: compiled robot-name in 90ms
2020.07.27 23:33:10 INFO  compiling robot-name (1 scala source)
2020.07.27 23:33:10 INFO  time: compiled robot-name in 39ms
2020.07.27 23:33:17 INFO  compiling robot-name (1 scala source)
2020.07.27 23:33:17 INFO  time: compiled robot-name in 0.1s
2020.07.27 23:33:17 INFO  compiling robot-name (1 scala source)
2020.07.27 23:33:17 INFO  time: compiled robot-name in 61ms
2020.07.27 23:33:31 INFO  compiling robot-name (1 scala source)
2020.07.27 23:33:31 INFO  time: compiled robot-name in 49ms
2020.07.27 23:33:31 INFO  compiling robot-name (1 scala source)
2020.07.27 23:33:31 INFO  time: compiled robot-name in 35ms
2020.07.27 23:33:33 INFO  compiling robot-name (1 scala source)
2020.07.27 23:33:33 INFO  time: compiled robot-name in 66ms
2020.07.27 23:33:40 INFO  compiling robot-name (1 scala source)
2020.07.27 23:33:40 INFO  time: compiled robot-name in 0.13s
2020.07.27 23:33:40 INFO  compiling robot-name (1 scala source)
2020.07.27 23:33:40 INFO  time: compiled robot-name in 0.12s
2020.07.27 23:33:57 INFO  compiling robot-name (1 scala source)
2020.07.27 23:33:57 INFO  time: compiled robot-name in 0.16s
2020.07.27 23:33:57 INFO  compiling robot-name (1 scala source)
2020.07.27 23:33:57 INFO  time: compiled robot-name in 0.19s
2020.07.27 23:34:09 INFO  compiling robot-name (1 scala source)
2020.07.27 23:34:09 INFO  time: compiled robot-name in 58ms
2020.07.27 23:34:09 INFO  compiling robot-name (1 scala source)
2020.07.27 23:34:09 INFO  time: compiled robot-name in 78ms
Jul 27, 2020 11:34:09 PM org.eclipse.lsp4j.jsonrpc.RemoteEndpoint handleCancellation
WARNING: Unmatched cancel notification for request id 471
Jul 27, 2020 11:34:09 PM org.eclipse.lsp4j.jsonrpc.RemoteEndpoint handleCancellation
WARNING: Unmatched cancel notification for request id 474
2020.07.27 23:34:17 INFO  compiling robot-name (1 scala source)
2020.07.27 23:34:17 INFO  time: compiled robot-name in 0.23s
2020.07.27 23:34:28 INFO  compiling robot-name (1 scala source)
2020.07.27 23:34:28 INFO  time: compiled robot-name in 0.1s
2020.07.27 23:34:28 INFO  compiling robot-name (1 scala source)
2020.07.27 23:34:28 INFO  time: compiled robot-name in 0.11s
2020.07.27 23:34:59 INFO  /home/mateusz/Projekty/exercism/scala/robot-name/src/main/scala/RobotName.scala:4:18: stale bloop error: value until is not a member of String
  val alphabet = "a" until "z"
                 ^^^^^^^^^
2020.07.27 23:34:59 INFO  /home/mateusz/Projekty/exercism/scala/robot-name/src/main/scala/RobotName.scala:4:18: stale bloop error: value until is not a member of String
  val alphabet = "a" until "z"
                 ^^^^^^^^^
2020.07.27 23:34:59 INFO  /home/mateusz/Projekty/exercism/scala/robot-name/src/main/scala/RobotName.scala:4:18: stale bloop error: value until is not a member of String
  val alphabet = "a" until "z"
                 ^^^^^^^^^
2020.07.27 23:35:00 INFO  /home/mateusz/Projekty/exercism/scala/robot-name/src/main/scala/RobotName.scala:4:18: stale bloop error: value until is not a member of String
  val alphabet = "a" until "z"
                 ^^^^^^^^^
2020.07.27 23:35:02 INFO  /home/mateusz/Projekty/exercism/scala/robot-name/src/main/scala/RobotName.scala:4:18: stale bloop error: value until is not a member of String
  val alphabet = "a" until "z"
                 ^^^^^^^^^
2020.07.27 23:35:02 INFO  /home/mateusz/Projekty/exercism/scala/robot-name/src/main/scala/RobotName.scala:4:18: stale bloop error: value until is not a member of String
  val alphabet = "a" until "z"
                 ^^^^^^^^^
2020.07.27 23:35:05 INFO  compiling robot-name (1 scala source)
2020.07.27 23:35:05 INFO  time: compiled robot-name in 0.2s
2020.07.27 23:35:12 INFO  compiling robot-name (1 scala source)
2020.07.27 23:35:12 INFO  time: compiled robot-name in 0.24s
2020.07.27 23:35:14 INFO  compiling robot-name (1 scala source)
2020.07.27 23:35:14 INFO  time: compiled robot-name in 0.22s
2020.07.27 23:35:19 INFO  compiling robot-name (1 scala source)
2020.07.27 23:35:19 INFO  time: compiled robot-name in 46ms
2020.07.27 23:35:19 INFO  compiling robot-name (1 scala source)
2020.07.27 23:35:19 INFO  time: compiled robot-name in 46ms
2020.07.27 23:35:24 INFO  compiling robot-name (1 scala source)
2020.07.27 23:35:24 INFO  time: compiled robot-name in 0.23s
2020.07.27 23:35:28 INFO  compiling robot-name (1 scala source)
2020.07.27 23:35:28 INFO  time: compiled robot-name in 0.23s
2020.07.27 23:35:50 INFO  compiling robot-name (1 scala source)
2020.07.27 23:35:50 INFO  time: compiled robot-name in 0.14s
2020.07.27 23:35:50 INFO  compiling robot-name (1 scala source)
2020.07.27 23:35:50 INFO  time: compiled robot-name in 99ms
Jul 27, 2020 11:35:57 PM org.eclipse.lsp4j.jsonrpc.RemoteEndpoint handleCancellation
WARNING: Unmatched cancel notification for request id 736
2020.07.27 23:36:01 INFO  compiling robot-name (1 scala source)
2020.07.27 23:36:01 INFO  time: compiled robot-name in 0.24s
2020.07.27 23:36:08 INFO  compiling robot-name (1 scala source)
2020.07.27 23:36:08 INFO  time: compiled robot-name in 71ms
2020.07.27 23:36:08 INFO  compiling robot-name (1 scala source)
2020.07.27 23:36:08 INFO  time: compiled robot-name in 34ms
2020.07.27 23:37:03 INFO  compiling robot-name (1 scala source)
2020.07.27 23:37:03 INFO  time: compiled robot-name in 53ms
2020.07.27 23:37:03 INFO  compiling robot-name (1 scala source)
2020.07.27 23:37:03 INFO  time: compiled robot-name in 46ms
2020.07.27 23:37:08 INFO  compiling robot-name (1 scala source)
2020.07.27 23:37:08 INFO  time: compiled robot-name in 52ms
2020.07.27 23:37:08 INFO  compiling robot-name (1 scala source)
2020.07.27 23:37:08 INFO  time: compiled robot-name in 51ms
2020.07.27 23:37:12 INFO  compiling robot-name (1 scala source)
2020.07.27 23:37:12 INFO  time: compiled robot-name in 62ms
2020.07.27 23:37:12 INFO  compiling robot-name (1 scala source)
2020.07.27 23:37:12 INFO  time: compiled robot-name in 46ms
2020.07.27 23:37:18 INFO  compiling robot-name (1 scala source)
2020.07.27 23:37:18 INFO  time: compiled robot-name in 0.25s
2020.07.27 23:37:31 INFO  compiling robot-name (1 scala source)
2020.07.27 23:37:31 INFO  time: compiled robot-name in 0.12s
2020.07.27 23:37:31 INFO  compiling robot-name (1 scala source)
2020.07.27 23:37:31 INFO  time: compiled robot-name in 0.14s
2020.07.27 23:37:37 INFO  compiling robot-name (1 scala source)
2020.07.27 23:37:37 INFO  time: compiled robot-name in 0.22s
2020.07.27 23:37:37 INFO  compiling robot-name (1 scala source)
2020.07.27 23:37:37 INFO  time: compiled robot-name in 0.23s
2020.07.27 23:37:46 INFO  compiling robot-name (1 scala source)
2020.07.27 23:37:46 INFO  time: compiled robot-name in 0.14s
2020.07.27 23:37:46 INFO  compiling robot-name (1 scala source)
2020.07.27 23:37:46 INFO  time: compiled robot-name in 0.12s
2020.07.27 23:37:54 INFO  compiling robot-name (1 scala source)
2020.07.27 23:37:54 INFO  time: compiled robot-name in 0.25s
Jul 27, 2020 11:37:56 PM org.eclipse.lsp4j.jsonrpc.RemoteEndpoint handleCancellation
WARNING: Unmatched cancel notification for request id 1214
2020.07.27 23:37:58 INFO  compiling robot-name (1 scala source)
2020.07.27 23:37:58 INFO  time: compiled robot-name in 0.14s
2020.07.27 23:37:58 INFO  compiling robot-name (1 scala source)
2020.07.27 23:37:58 INFO  time: compiled robot-name in 0.1s
2020.07.27 23:38:03 INFO  compiling robot-name (1 scala source)
2020.07.27 23:38:03 INFO  time: compiled robot-name in 80ms
2020.07.27 23:38:03 INFO  compiling robot-name (1 scala source)
2020.07.27 23:38:03 INFO  time: compiled robot-name in 43ms
2020.07.27 23:38:06 INFO  compiling robot-name (1 scala source)
2020.07.27 23:38:06 INFO  time: compiled robot-name in 0.13s
2020.07.27 23:38:06 INFO  compiling robot-name (1 scala source)
2020.07.27 23:38:06 INFO  time: compiled robot-name in 0.12s
2020.07.27 23:38:10 INFO  compiling robot-name (1 scala source)
2020.07.27 23:38:10 INFO  time: compiled robot-name in 0.24s
2020.07.27 23:38:20 INFO  compiling robot-name (1 scala source)
2020.07.27 23:38:20 INFO  time: compiled robot-name in 0.12s
2020.07.27 23:38:20 INFO  compiling robot-name (1 scala source)
2020.07.27 23:38:20 INFO  time: compiled robot-name in 0.16s
2020.07.27 23:38:23 INFO  compiling robot-name (1 scala source)
2020.07.27 23:38:23 INFO  time: compiled robot-name in 0.13s
2020.07.27 23:38:43 INFO  compiling robot-name (1 scala source)
2020.07.27 23:38:43 INFO  time: compiled robot-name in 0.43s
2020.07.27 23:38:51 INFO  compiling robot-name (1 scala source)
2020.07.27 23:38:51 INFO  time: compiled robot-name in 0.22s
Jul 27, 2020 11:38:54 PM org.eclipse.lsp4j.jsonrpc.RemoteEndpoint handleCancellation
WARNING: Unmatched cancel notification for request id 1385
Jul 27, 2020 11:38:54 PM org.eclipse.lsp4j.jsonrpc.RemoteEndpoint handleCancellation
WARNING: Unmatched cancel notification for request id 1384
2020.07.27 23:38:57 INFO  compiling robot-name (1 scala source)
2020.07.27 23:38:57 INFO  time: compiled robot-name in 0.52s
2020.07.27 23:39:09 INFO  compiling robot-name (1 scala source)
2020.07.27 23:39:09 INFO  time: compiled robot-name in 0.27s
2020.07.27 23:39:12 INFO  compiling robot-name (1 scala source)
2020.07.27 23:39:12 INFO  time: compiled robot-name in 0.21s
2020.07.27 23:39:17 INFO  compiling robot-name (1 scala source)
2020.07.27 23:39:17 INFO  time: compiled robot-name in 0.2s
2020.07.27 23:39:22 INFO  compiling robot-name (1 scala source)
2020.07.27 23:39:22 INFO  time: compiled robot-name in 0.25s
2020.07.27 23:39:33 INFO  compiling robot-name (1 scala source)
2020.07.27 23:39:33 INFO  time: compiled robot-name in 0.26s
2020.07.27 23:41:08 INFO  compiling robot-name (1 scala source)
2020.07.27 23:41:08 INFO  time: compiled robot-name in 0.45s
2020.07.27 23:41:08 INFO  compiling robot-name-test (1 scala source)
2020.07.27 23:41:08 INFO  time: compiled robot-name-test in 0.44s
2020.07.27 23:41:22 INFO  compiling robot-name (1 scala source)
2020.07.27 23:41:22 INFO  time: compiled robot-name in 0.25s
2020.07.27 23:41:23 INFO  compiling robot-name-test (1 scala source)
2020.07.27 23:41:23 INFO  time: compiled robot-name-test in 0.28s
2020.07.27 23:41:47 INFO  compiling robot-name (1 scala source)
2020.07.27 23:41:47 INFO  time: compiled robot-name in 0.32s
2020.07.27 23:41:52 INFO  compiling robot-name (1 scala source)
2020.07.27 23:41:52 INFO  time: compiled robot-name in 60ms
2020.07.27 23:41:52 INFO  compiling robot-name (1 scala source)
2020.07.27 23:41:52 INFO  time: compiled robot-name in 48ms
2020.07.27 23:41:59 INFO  compiling robot-name (1 scala source)
2020.07.27 23:41:59 INFO  time: compiled robot-name in 55ms
2020.07.27 23:41:59 INFO  compiling robot-name (1 scala source)
2020.07.27 23:41:59 INFO  time: compiled robot-name in 54ms
2020.07.27 23:42:02 INFO  compiling robot-name (1 scala source)
2020.07.27 23:42:02 INFO  time: compiled robot-name in 42ms
Jul 27, 2020 11:42:06 PM scala.meta.internal.pc.CompilerAccess retryWithCleanCompiler
INFO: compiler crashed due to an error in the Scala compiler, retrying with new compiler instance.
Jul 27, 2020 11:42:06 PM scala.meta.internal.pc.CompilerAccess handleError
SEVERE: null
java.lang.NullPointerException
	at scala.reflect.internal.Definitions$DefinitionsClass.isByNameParamType(Definitions.scala:416)
	at scala.reflect.internal.TreeInfo.isStableIdent(TreeInfo.scala:137)
	at scala.reflect.internal.TreeInfo.isStableIdentifier(TreeInfo.scala:113)
	at scala.reflect.internal.TreeInfo.isPath(TreeInfo.scala:102)
	at scala.reflect.internal.TreeInfo.admitsTypeSelection(TreeInfo.scala:155)
	at scala.tools.nsc.interactive.Global.stabilizedType(Global.scala:959)
	at scala.tools.nsc.interactive.Global.typedTreeAt(Global.scala:807)
	at scala.meta.internal.pc.SignatureHelpProvider.signatureHelp(SignatureHelpProvider.scala:23)

2020.07.27 23:42:12 INFO  compiling robot-name (1 scala source)
2020.07.27 23:42:12 INFO  time: compiled robot-name in 63ms
2020.07.27 23:42:12 INFO  compiling robot-name (1 scala source)
2020.07.27 23:42:12 INFO  time: compiled robot-name in 0.12s
2020.07.27 23:42:14 INFO  compiling robot-name (1 scala source)
2020.07.27 23:42:14 INFO  time: compiled robot-name in 0.27s
2020.07.27 23:43:09 INFO  compiling robot-name (1 scala source)
2020.07.27 23:43:09 INFO  time: compiled robot-name in 0.1s
2020.07.27 23:43:15 INFO  compiling robot-name (1 scala source)
2020.07.27 23:43:15 INFO  time: compiled robot-name in 0.25s
2020.07.27 23:43:23 INFO  compiling robot-name-test (1 scala source)
2020.07.27 23:43:26 INFO  time: compiled robot-name-test in 2.33s
2020.07.27 23:43:29 INFO  compiling robot-name-test (1 scala source)
2020.07.27 23:43:31 INFO  time: compiled robot-name-test in 2.49s
2020.07.27 23:43:34 INFO  compiling robot-name-test (1 scala source)
2020.07.27 23:43:36 INFO  time: compiled robot-name-test in 1.69s
2020.07.27 23:47:39 INFO  shutting down Metals
No more data in the client stdin, exiting...
No more data in the server stdin, exiting...
2020.07.28 12:37:38 INFO  started: Metals version 0.9.2 in workspace '/home/mateusz/Projekty/exercism/scala/robot-name' for client vscode.
2020.07.28 12:37:40 INFO  time: initialize in 2.07s
Starting the bsp launcher for bloop...
Opening a bsp server connection with 'bsp --protocol local --socket /tmp/bsp-launcher7341789665125322872/bsp.socket'...
Waiting for the bsp connection to come up...
2020.07.28 12:37:41 INFO  no build target: using presentation compiler with only scala-library
2020.07.28 12:37:41 INFO  skipping build import with status 'Installed'
Waiting for the bsp connection to come up...
Waiting for the bsp connection to come up...
Waiting for the bsp connection to come up...
Waiting for the bsp connection to come up...
2020.07.28 12:37:45 WARN  no build target for: /home/mateusz/Projekty/exercism/scala/robot-name/src/main/scala/RobotName.scala
Waiting for the bsp connection to come up...
No server running at 127.0.0.1:8212, let's fire one...
Resolving ch.epfl.scala:bloop-frontend_2.12:1.4.3...
Starting bloop server at 127.0.0.1:8212...
Attempting a connection to the server...
Attempting a connection to the server...
Attempting a connection to the server...
Attempting a connection to the server...
Attempting a connection to the server...
Attempting a connection to the server...
Attempting a connection to the server...
[0m[32m[D][0m Loading workspace settings from bloop.settings.json
[0m[32m[D][0m Loading 2 projects from '/home/mateusz/Projekty/exercism/scala/robot-name/.bloop'...
[0m[32m[D][0m Loading project from '/home/mateusz/Projekty/exercism/scala/robot-name/.bloop/robot-name.json'
[0m[32m[D][0m Loading project from '/home/mateusz/Projekty/exercism/scala/robot-name/.bloop/robot-name-test.json'
[0m[32m[D][0m Cache miss for scala instance org.scala-lang:scala-compiler:2.12.8.
[0m[32m[D][0m   => /home/mateusz/.cache/coursier/v1/https/repo1.maven.org/maven2/jline/jline/2.14.6/jline-2.14.6.jar
[0m[32m[D][0m   => /home/mateusz/.cache/coursier/v1/https/repo1.maven.org/maven2/org/scala-lang/modules/scala-xml_2.12/1.0.6/scala-xml_2.12-1.0.6.jar
[0m[32m[D][0m   => /home/mateusz/.cache/coursier/v1/https/repo1.maven.org/maven2/org/scala-lang/scala-compiler/2.12.8/scala-compiler-2.12.8.jar
[0m[32m[D][0m   => /home/mateusz/.cache/coursier/v1/https/repo1.maven.org/maven2/org/scala-lang/scala-library/2.12.8/scala-library-2.12.8.jar
[0m[32m[D][0m   => /home/mateusz/.cache/coursier/v1/https/repo1.maven.org/maven2/org/scala-lang/scala-reflect/2.12.8/scala-reflect-2.12.8.jar
[0m[32m[D][0m Configured SemanticDB in projects 'robot-name', 'robot-name-test'
[0m[32m[D][0m Loading previous analysis for 'robot-name' from '/home/mateusz/Projekty/exercism/scala/robot-name/target/streams/compile/bloopAnalysisOut/_global/streams/inc_compile_2.12.zip'.
[0m[32m[D][0m Loading previous analysis for 'robot-name-test' from '/home/mateusz/Projekty/exercism/scala/robot-name/target/streams/test/bloopAnalysisOut/_global/streams/inc_compile_2.12.zip'.
[0m[32m[D][0m Waiting for a connection at local:///tmp/bsp-launcher7341789665125322872/bsp.socket...
The server is listening for incoming connections at local:///tmp/bsp-launcher7341789665125322872/bsp.socket...
Starting thread that pumps stdin and redirects it to the bsp server...
Starting thread that pumps server stdout and redirects it to the client stdout...
2020.07.28 12:37:47 INFO  tracing is disabled for protocol BSP, to enable tracing of incoming and outgoing JSON messages create an empty file at /home/mateusz/.cache/metals/bsp.trace.json
2020.07.28 12:37:47 INFO  time: connected to build server in 6.38s
2020.07.28 12:37:47 INFO  Connected to Build server v1.4.3
2020.07.28 12:37:47 INFO  time: imported build in 0.13s
2020.07.28 12:37:49 WARN  Could not find java sources in None. Java symbols will not be available.
2020.07.28 12:37:49 INFO  time: indexed workspace in 1.58s
2020.07.28 13:22:06 INFO  shutting down Metals
No more data in the client stdin, exiting...
Jul 28, 2020 1:22:06 PM org.eclipse.lsp4j.jsonrpc.RemoteEndpoint notify
INFO: Failed to send notification message.
org.eclipse.lsp4j.jsonrpc.JsonRpcException: java.nio.channels.AsynchronousCloseException
	at org.eclipse.lsp4j.jsonrpc.json.StreamMessageConsumer.consume(StreamMessageConsumer.java:72)
	at org.eclipse.lsp4j.jsonrpc.RemoteEndpoint.notify(RemoteEndpoint.java:126)
	at org.eclipse.lsp4j.jsonrpc.services.EndpointProxy.invoke(EndpointProxy.java:88)
	at com.sun.proxy.$Proxy10.onBuildExit(Unknown Source)
	at scala.meta.internal.metals.BuildServerConnection.$anonfun$shutdown$1(BuildServerConnection.scala:76)
	at scala.meta.internal.metals.BuildServerConnection.$anonfun$shutdown$1$adapted(BuildServerConnection.scala:72)
	at scala.util.Success.$anonfun$map$1(Try.scala:255)
	at scala.util.Success.map(Try.scala:213)
	at scala.concurrent.Future.$anonfun$map$1(Future.scala:292)
	at scala.concurrent.impl.Promise.liftedTree1$1(Promise.scala:33)
	at scala.concurrent.impl.Promise.$anonfun$transform$1(Promise.scala:33)
	at scala.concurrent.impl.CallbackRunnable.run(Promise.scala:64)
	at java.base/java.util.concurrent.ThreadPoolExecutor.runWorker(ThreadPoolExecutor.java:1128)
	at java.base/java.util.concurrent.ThreadPoolExecutor$Worker.run(ThreadPoolExecutor.java:628)
	at java.base/java.lang.Thread.run(Thread.java:834)
Caused by: java.nio.channels.AsynchronousCloseException
	at java.base/java.nio.channels.spi.AbstractInterruptibleChannel.end(AbstractInterruptibleChannel.java:202)
	at java.base/sun.nio.ch.SinkChannelImpl.endWrite(SinkChannelImpl.java:241)
	at java.base/sun.nio.ch.SinkChannelImpl.write(SinkChannelImpl.java:259)
	at java.base/java.nio.channels.Channels.writeFullyImpl(Channels.java:74)
	at java.base/java.nio.channels.Channels.writeFully(Channels.java:94)
	at java.base/java.nio.channels.Channels$1.write(Channels.java:172)
	at java.base/java.io.OutputStream.write(OutputStream.java:122)
	at java.base/java.nio.channels.Channels$1.write(Channels.java:152)
	at scala.meta.internal.metals.ClosableOutputStream.write(ClosableOutputStream.scala:26)
	at java.base/java.io.FilterOutputStream.write(FilterOutputStream.java:137)
	at java.base/java.io.FilterOutputStream.write(FilterOutputStream.java:108)
	at org.eclipse.lsp4j.jsonrpc.json.StreamMessageConsumer.consume(StreamMessageConsumer.java:67)
	... 14 more

2020.07.28 13:31:56 INFO  started: Metals version 0.9.2 in workspace '/home/mateusz/Projekty/exercism/scala/robot-name' for client vscode.
2020.07.28 13:31:58 INFO  time: initialize in 1.98s
Starting the bsp launcher for bloop...
Opening a bsp server connection with 'bsp --protocol local --socket /tmp/bsp-launcher13440136560532269645/bsp.socket'...
Waiting for the bsp connection to come up...
2020.07.28 13:31:59 INFO  no build target: using presentation compiler with only scala-library
2020.07.28 13:31:59 INFO  skipping build import with status 'Installed'
[0m[32m[D][0m Loading workspace settings from bloop.settings.json
[0m[32m[D][0m Waiting for a connection at local:///tmp/bsp-launcher13440136560532269645/bsp.socket...
The server is listening for incoming connections at local:///tmp/bsp-launcher13440136560532269645/bsp.socket...
Starting thread that pumps stdin and redirects it to the bsp server...
Starting thread that pumps server stdout and redirects it to the client stdout...
2020.07.28 13:31:59 INFO  tracing is disabled for protocol BSP, to enable tracing of incoming and outgoing JSON messages create an empty file at /home/mateusz/.cache/metals/bsp.trace.json
2020.07.28 13:31:59 INFO  time: connected to build server in 0.88s
2020.07.28 13:31:59 INFO  Connected to Build server v1.4.3
2020.07.28 13:31:59 INFO  time: imported build in 0.12s
2020.07.28 13:32:02 WARN  Could not find java sources in None. Java symbols will not be available.
2020.07.28 13:32:02 INFO  time: indexed workspace in 3.3s
Jul 28, 2020 1:32:04 PM org.eclipse.lsp4j.jsonrpc.services.GenericEndpoint notify
INFO: Unsupported notification method: $/setTraceNotification
2020.07.28 13:32:51 INFO  shutting down Metals
No more data in the client stdin, exiting...
No more data in the server stdin, exiting...
No more data in the server stdin, exiting...
